2023-02-27 22:22:50,038 - extentsions - INFO - 
../data/test.png
{
    "min": 0.0,
    "max": 82.73149108886719,
    "mean": 9.292234420776367,
    "std": 9.223053932189941,
    "median": 6.571719646453857,
    "variance": 85.0647201538086,
    "size": 244800,
    "shape": [
        340,
        720
    ]
}
2023-02-27 22:32:48,872 - extentsions - INFO - 
Used file: ../data/test.png
File Hash: 825838357382916610
{
    "min": 0.0,
    "max": 82.73149108886719,
    "mean": 9.292234420776367,
    "std": 9.223053932189941,
    "median": 6.571719646453857,
    "variance": 85.0647201538086,
    "size": 244800,
    "shape": [
        340,
        720
    ]
}
2023-02-27 22:33:34,118 - extentsions - INFO - 
Used file: ../data/test.png
File Hash: 2700777122367693466
{
    "min": 0.0,
    "max": 82.73149108886719,
    "mean": 9.292234420776367,
    "std": 9.223053932189941,
    "median": 6.571719646453857,
    "variance": 85.0647201538086,
    "size": 244800,
    "shape": [
        340,
        720
    ]
}
2023-02-27 22:33:58,949 - extentsions - INFO - 
Used file: ../data/test.png
File Hash: 1456594980226201946
{
    "min": 0.0,
    "max": 82.73149108886719,
    "mean": 9.292234420776367,
    "std": 9.223053932189941,
    "median": 6.571719646453857,
    "variance": 85.0647201538086,
    "size": 244800,
    "shape": [
        340,
        720
    ]
}
